{
  "stats": {
    "suites": 1,
    "tests": 1,
    "passes": 1,
    "pending": 0,
    "failures": 0,
    "start": "2024-07-09T19:54:52.407Z",
    "end": "2024-07-09T19:55:04.468Z",
    "duration": 12061,
    "testsRegistered": 1,
    "passPercent": 100,
    "pendingPercent": 0,
    "other": 0,
    "hasOther": false,
    "skipped": 0,
    "hasSkipped": false
  },
  "results": [
    {
      "uuid": "235c4c03-9774-424c-8a0c-46c78f5a2809",
      "title": "",
      "fullFile": "cypress/e2e/1-getting-started/loginUser.spec.js",
      "file": "cypress/e2e/1-getting-started/loginUser.spec.js",
      "beforeHooks": [],
      "afterHooks": [],
      "tests": [],
      "suites": [
        {
          "uuid": "23471103-73d4-4c19-8be9-980e5825a7e9",
          "title": "login User",
          "fullFile": "",
          "file": "",
          "beforeHooks": [],
          "afterHooks": [],
          "tests": [
            {
              "title": "forgot password",
              "fullTitle": "login User forgot password",
              "timedOut": null,
              "duration": 12014,
              "state": "passed",
              "speed": "slow",
              "pass": true,
              "fail": false,
              "pending": false,
              "context": null,
              "code": "cy.forgoutPassword(dataBase.userName);\ncy.screenshot();",
              "err": {},
              "uuid": "0dfb628c-8e8b-40c1-ba10-42ab40df192d",
              "parentUUID": "23471103-73d4-4c19-8be9-980e5825a7e9",
              "isHook": false,
              "skipped": false
            }
          ],
          "suites": [],
          "passes": [
            "0dfb628c-8e8b-40c1-ba10-42ab40df192d"
          ],
          "failures": [],
          "pending": [],
          "skipped": [],
          "duration": 12014,
          "root": false,
          "rootEmpty": false,
          "_timeout": 2000
        }
      ],
      "passes": [],
      "failures": [],
      "pending": [],
      "skipped": [],
      "duration": 0,
      "root": true,
      "rootEmpty": true,
      "_timeout": 2000
    }
  ],
  "meta": {
    "mocha": {
      "version": "7.0.1"
    },
    "mochawesome": {
      "options": {
        "quiet": false,
        "reportFilename": "mochawesome",
        "saveHtml": true,
        "saveJson": true,
        "consoleReporter": "spec",
        "useInlineDiffs": false,
        "code": true
      },
      "version": "7.1.3"
    },
    "marge": {
      "options": null,
      "version": "6.2.0"
    }
  }
}